  pch.cpp
  Network.cpp
c1xx : fatal error C1083: 无法打开源文件: “Network.cpp”: No such file or directory
  EdoyunServer.cpp
C:\Users\Yyh\Desktop\Git\RemoteCtrl\RemoteCtrl\EdoyunThread.h(210,1): warning C4267: “=”: 从“size_t”转换到“int”，可能丢失数据
C:\Users\Yyh\Desktop\Git\RemoteCtrl\RemoteCtrl\EdoyunServer.h(161,34): error C4996: 'inet_addr': Use inet_pton() or InetPton() instead or define _WINSOCK_DEPRECATED_NO_WARNINGS to disable deprecated API warnings
C:\Users\Yyh\Desktop\Git\RemoteCtrl\RemoteCtrl\EdoyunServer.cpp(106,81): warning C4267: “参数”: 从“size_t”转换到“int”，可能丢失数据
C:\Users\Yyh\Desktop\Git\RemoteCtrl\RemoteCtrl\EdoyunServer.cpp(276,1): error C2084: 函数“int CEdoyunServer::threadIocp(void)”已有主体
C:\Users\Yyh\Desktop\Git\RemoteCtrl\RemoteCtrl\EdoyunServer.cpp(222): message : 参见“threadIocp”的前一个定义
  Command.cpp
C:\Users\Yyh\Desktop\Git\RemoteCtrl\RemoteCtrl\Packet.h(33,1): error C2059: 语法错误:“<<”
C:\Users\Yyh\Desktop\Git\RemoteCtrl\RemoteCtrl\Packet.h(41,2): error C2334: “{”的前面有意外标记；跳过明显的函数体
C:\Users\Yyh\Desktop\Git\RemoteCtrl\RemoteCtrl\Packet.h(62,1): error C2059: 语法错误:“<<”
C:\Users\Yyh\Desktop\Git\RemoteCtrl\RemoteCtrl\Packet.h(71,2): error C2334: “{”的前面有意外标记；跳过明显的函数体
C:\Users\Yyh\Desktop\Git\RemoteCtrl\RemoteCtrl\Command.h(75,1): error C2440: “<function-style-cast>”: 无法从“initializer list”转换为“CPacket”
C:\Users\Yyh\Desktop\Git\RemoteCtrl\RemoteCtrl\Command.h(75,1): message : 无构造函数可以接受源类型，或构造函数重载决策不明确
C:\Users\Yyh\Desktop\Git\RemoteCtrl\RemoteCtrl\Command.h(99,1): error C2440: “<function-style-cast>”: 无法从“initializer list”转换为“CPacket”
C:\Users\Yyh\Desktop\Git\RemoteCtrl\RemoteCtrl\Command.h(99,1): message : 无构造函数可以接受源类型，或构造函数重载决策不明确
C:\Users\Yyh\Desktop\Git\RemoteCtrl\RemoteCtrl\Command.h(108,26): warning C4244: “=”: 从“intptr_t”转换到“int”，可能丢失数据
C:\Users\Yyh\Desktop\Git\RemoteCtrl\RemoteCtrl\Command.h(113,1): error C2440: “<function-style-cast>”: 无法从“initializer list”转换为“CPacket”
C:\Users\Yyh\Desktop\Git\RemoteCtrl\RemoteCtrl\Command.h(113,1): message : 无构造函数可以接受源类型，或构造函数重载决策不明确
C:\Users\Yyh\Desktop\Git\RemoteCtrl\RemoteCtrl\Command.h(125,1): error C2440: “<function-style-cast>”: 无法从“initializer list”转换为“CPacket”
C:\Users\Yyh\Desktop\Git\RemoteCtrl\RemoteCtrl\Command.h(125,1): message : 无构造函数可以接受源类型，或构造函数重载决策不明确
C:\Users\Yyh\Desktop\Git\RemoteCtrl\RemoteCtrl\Command.h(133,1): error C2440: “<function-style-cast>”: 无法从“initializer list”转换为“CPacket”
C:\Users\Yyh\Desktop\Git\RemoteCtrl\RemoteCtrl\Command.h(133,1): message : 无构造函数可以接受源类型，或构造函数重载决策不明确
C:\Users\Yyh\Desktop\Git\RemoteCtrl\RemoteCtrl\Command.h(150,1): error C2440: “<function-style-cast>”: 无法从“initializer list”转换为“CPacket”
C:\Users\Yyh\Desktop\Git\RemoteCtrl\RemoteCtrl\Command.h(150,1): message : 无构造函数可以接受源类型，或构造函数重载决策不明确
C:\Users\Yyh\Desktop\Git\RemoteCtrl\RemoteCtrl\Command.h(172,1): error C2440: “<function-style-cast>”: 无法从“initializer list”转换为“CPacket”
C:\Users\Yyh\Desktop\Git\RemoteCtrl\RemoteCtrl\Command.h(172,1): message : 无构造函数可以接受源类型，或构造函数重载决策不明确
C:\Users\Yyh\Desktop\Git\RemoteCtrl\RemoteCtrl\Command.h(183,1): error C2440: “<function-style-cast>”: 无法从“initializer list”转换为“CPacket”
C:\Users\Yyh\Desktop\Git\RemoteCtrl\RemoteCtrl\Command.h(183,1): message : 无构造函数可以接受源类型，或构造函数重载决策不明确
C:\Users\Yyh\Desktop\Git\RemoteCtrl\RemoteCtrl\Command.h(197,1): error C2440: “<function-style-cast>”: 无法从“initializer list”转换为“CPacket”
C:\Users\Yyh\Desktop\Git\RemoteCtrl\RemoteCtrl\Command.h(197,1): message : 无构造函数可以接受源类型，或构造函数重载决策不明确
C:\Users\Yyh\Desktop\Git\RemoteCtrl\RemoteCtrl\Command.h(206,1): error C2440: “<function-style-cast>”: 无法从“initializer list”转换为“CPacket”
C:\Users\Yyh\Desktop\Git\RemoteCtrl\RemoteCtrl\Command.h(206,1): message : 无构造函数可以接受源类型，或构造函数重载决策不明确
C:\Users\Yyh\Desktop\Git\RemoteCtrl\RemoteCtrl\Command.h(210,1): error C2440: “<function-style-cast>”: 无法从“initializer list”转换为“CPacket”
C:\Users\Yyh\Desktop\Git\RemoteCtrl\RemoteCtrl\Command.h(210,1): message : 无构造函数可以接受源类型，或构造函数重载决策不明确
C:\Users\Yyh\Desktop\Git\RemoteCtrl\RemoteCtrl\Command.h(226,1): warning C4267: “参数”: 从“size_t”转换到“int”，可能丢失数据
C:\Users\Yyh\Desktop\Git\RemoteCtrl\RemoteCtrl\Command.h(230,1): error C2440: “<function-style-cast>”: 无法从“initializer list”转换为“CPacket”
C:\Users\Yyh\Desktop\Git\RemoteCtrl\RemoteCtrl\Command.h(230,1): message : 无构造函数可以接受源类型，或构造函数重载决策不明确
C:\Users\Yyh\Desktop\Git\RemoteCtrl\RemoteCtrl\Command.h(338,1): error C2440: “<function-style-cast>”: 无法从“initializer list”转换为“CPacket”
C:\Users\Yyh\Desktop\Git\RemoteCtrl\RemoteCtrl\Command.h(338,1): message : 无构造函数可以接受源类型，或构造函数重载决策不明确
C:\Users\Yyh\Desktop\Git\RemoteCtrl\RemoteCtrl\Command.h(375,1): error C2440: “<function-style-cast>”: 无法从“initializer list”转换为“CPacket”
C:\Users\Yyh\Desktop\Git\RemoteCtrl\RemoteCtrl\Command.h(375,1): message : 无构造函数可以接受源类型，或构造函数重载决策不明确
C:\Users\Yyh\Desktop\Git\RemoteCtrl\RemoteCtrl\Command.h(471,1): error C2440: “<function-style-cast>”: 无法从“initializer list”转换为“CPacket”
C:\Users\Yyh\Desktop\Git\RemoteCtrl\RemoteCtrl\Command.h(471,1): message : 无构造函数可以接受源类型，或构造函数重载决策不明确
C:\Users\Yyh\Desktop\Git\RemoteCtrl\RemoteCtrl\Command.h(485,1): error C2440: “<function-style-cast>”: 无法从“initializer list”转换为“CPacket”
C:\Users\Yyh\Desktop\Git\RemoteCtrl\RemoteCtrl\Command.h(485,1): message : 无构造函数可以接受源类型，或构造函数重载决策不明确
C:\Users\Yyh\Desktop\Git\RemoteCtrl\RemoteCtrl\Command.h(495,1): error C2440: “<function-style-cast>”: 无法从“initializer list”转换为“CPacket”
C:\Users\Yyh\Desktop\Git\RemoteCtrl\RemoteCtrl\Command.h(495,1): message : 无构造函数可以接受源类型，或构造函数重载决策不明确
  EdoyunTool.cpp
  LockDialog.cpp
  RemoteCtrl.cpp
C:\Users\Yyh\Desktop\Git\RemoteCtrl\RemoteCtrl\Packet.h(33,1): error C2059: 语法错误:“<<”
C:\Users\Yyh\Desktop\Git\RemoteCtrl\RemoteCtrl\Packet.h(41,2): error C2334: “{”的前面有意外标记；跳过明显的函数体
C:\Users\Yyh\Desktop\Git\RemoteCtrl\RemoteCtrl\Packet.h(62,1): error C2059: 语法错误:“<<”
C:\Users\Yyh\Desktop\Git\RemoteCtrl\RemoteCtrl\Packet.h(71,2): error C2334: “{”的前面有意外标记；跳过明显的函数体
C:\Users\Yyh\Desktop\Git\RemoteCtrl\RemoteCtrl\ServerSocket.h(121,1): warning C4267: “参数”: 从“size_t”转换到“int”，可能丢失数据
C:\Users\Yyh\Desktop\Git\RemoteCtrl\RemoteCtrl\ServerSocket.h(130,1): error C2440: “<function-style-cast>”: 无法从“initializer list”转换为“CPacket”
C:\Users\Yyh\Desktop\Git\RemoteCtrl\RemoteCtrl\ServerSocket.h(130,1): message : 无构造函数可以接受源类型，或构造函数重载决策不明确
C:\Users\Yyh\Desktop\Git\RemoteCtrl\RemoteCtrl\Command.h(75,1): error C2440: “<function-style-cast>”: 无法从“initializer list”转换为“CPacket”
C:\Users\Yyh\Desktop\Git\RemoteCtrl\RemoteCtrl\Command.h(75,1): message : 无构造函数可以接受源类型，或构造函数重载决策不明确
C:\Users\Yyh\Desktop\Git\RemoteCtrl\RemoteCtrl\Command.h(99,1): error C2440: “<function-style-cast>”: 无法从“initializer list”转换为“CPacket”
C:\Users\Yyh\Desktop\Git\RemoteCtrl\RemoteCtrl\Command.h(99,1): message : 无构造函数可以接受源类型，或构造函数重载决策不明确
C:\Users\Yyh\Desktop\Git\RemoteCtrl\RemoteCtrl\Command.h(108,26): warning C4244: “=”: 从“intptr_t”转换到“int”，可能丢失数据
C:\Users\Yyh\Desktop\Git\RemoteCtrl\RemoteCtrl\Command.h(113,1): error C2440: “<function-style-cast>”: 无法从“initializer list”转换为“CPacket”
C:\Users\Yyh\Desktop\Git\RemoteCtrl\RemoteCtrl\Command.h(113,1): message : 无构造函数可以接受源类型，或构造函数重载决策不明确
C:\Users\Yyh\Desktop\Git\RemoteCtrl\RemoteCtrl\Command.h(125,1): error C2440: “<function-style-cast>”: 无法从“initializer list”转换为“CPacket”
C:\Users\Yyh\Desktop\Git\RemoteCtrl\RemoteCtrl\Command.h(125,1): message : 无构造函数可以接受源类型，或构造函数重载决策不明确
C:\Users\Yyh\Desktop\Git\RemoteCtrl\RemoteCtrl\Command.h(133,1): error C2440: “<function-style-cast>”: 无法从“initializer list”转换为“CPacket”
C:\Users\Yyh\Desktop\Git\RemoteCtrl\RemoteCtrl\Command.h(133,1): message : 无构造函数可以接受源类型，或构造函数重载决策不明确
C:\Users\Yyh\Desktop\Git\RemoteCtrl\RemoteCtrl\Command.h(150,1): error C2440: “<function-style-cast>”: 无法从“initializer list”转换为“CPacket”
C:\Users\Yyh\Desktop\Git\RemoteCtrl\RemoteCtrl\Command.h(150,1): message : 无构造函数可以接受源类型，或构造函数重载决策不明确
C:\Users\Yyh\Desktop\Git\RemoteCtrl\RemoteCtrl\Command.h(172,1): error C2440: “<function-style-cast>”: 无法从“initializer list”转换为“CPacket”
C:\Users\Yyh\Desktop\Git\RemoteCtrl\RemoteCtrl\Command.h(172,1): message : 无构造函数可以接受源类型，或构造函数重载决策不明确
C:\Users\Yyh\Desktop\Git\RemoteCtrl\RemoteCtrl\Command.h(183,1): error C2440: “<function-style-cast>”: 无法从“initializer list”转换为“CPacket”
C:\Users\Yyh\Desktop\Git\RemoteCtrl\RemoteCtrl\Command.h(183,1): message : 无构造函数可以接受源类型，或构造函数重载决策不明确
C:\Users\Yyh\Desktop\Git\RemoteCtrl\RemoteCtrl\Command.h(197,1): error C2440: “<function-style-cast>”: 无法从“initializer list”转换为“CPacket”
C:\Users\Yyh\Desktop\Git\RemoteCtrl\RemoteCtrl\Command.h(197,1): message : 无构造函数可以接受源类型，或构造函数重载决策不明确
C:\Users\Yyh\Desktop\Git\RemoteCtrl\RemoteCtrl\Command.h(206,1): error C2440: “<function-style-cast>”: 无法从“initializer list”转换为“CPacket”
C:\Users\Yyh\Desktop\Git\RemoteCtrl\RemoteCtrl\Command.h(206,1): message : 无构造函数可以接受源类型，或构造函数重载决策不明确
C:\Users\Yyh\Desktop\Git\RemoteCtrl\RemoteCtrl\Command.h(210,1): error C2440: “<function-style-cast>”: 无法从“initializer list”转换为“CPacket”
C:\Users\Yyh\Desktop\Git\RemoteCtrl\RemoteCtrl\Command.h(210,1): message : 无构造函数可以接受源类型，或构造函数重载决策不明确
C:\Users\Yyh\Desktop\Git\RemoteCtrl\RemoteCtrl\Command.h(226,1): warning C4267: “参数”: 从“size_t”转换到“int”，可能丢失数据
C:\Users\Yyh\Desktop\Git\RemoteCtrl\RemoteCtrl\Command.h(230,1): error C2440: “<function-style-cast>”: 无法从“initializer list”转换为“CPacket”
C:\Users\Yyh\Desktop\Git\RemoteCtrl\RemoteCtrl\Command.h(230,1): message : 无构造函数可以接受源类型，或构造函数重载决策不明确
C:\Users\Yyh\Desktop\Git\RemoteCtrl\RemoteCtrl\Command.h(338,1): error C2440: “<function-style-cast>”: 无法从“initializer list”转换为“CPacket”
C:\Users\Yyh\Desktop\Git\RemoteCtrl\RemoteCtrl\Command.h(338,1): message : 无构造函数可以接受源类型，或构造函数重载决策不明确
C:\Users\Yyh\Desktop\Git\RemoteCtrl\RemoteCtrl\Command.h(375,1): error C2440: “<function-style-cast>”: 无法从“initializer list”转换为“CPacket”
C:\Users\Yyh\Desktop\Git\RemoteCtrl\RemoteCtrl\Command.h(375,1): message : 无构造函数可以接受源类型，或构造函数重载决策不明确
C:\Users\Yyh\Desktop\Git\RemoteCtrl\RemoteCtrl\Command.h(471,1): error C2440: “<function-style-cast>”: 无法从“initializer list”转换为“CPacket”
C:\Users\Yyh\Desktop\Git\RemoteCtrl\RemoteCtrl\Command.h(471,1): message : 无构造函数可以接受源类型，或构造函数重载决策不明确
C:\Users\Yyh\Desktop\Git\RemoteCtrl\RemoteCtrl\Command.h(485,1): error C2440: “<function-style-cast>”: 无法从“initializer list”转换为“CPacket”
C:\Users\Yyh\Desktop\Git\RemoteCtrl\RemoteCtrl\Command.h(485,1): message : 无构造函数可以接受源类型，或构造函数重载决策不明确
C:\Users\Yyh\Desktop\Git\RemoteCtrl\RemoteCtrl\Command.h(495,1): error C2440: “<function-style-cast>”: 无法从“initializer list”转换为“CPacket”
C:\Users\Yyh\Desktop\Git\RemoteCtrl\RemoteCtrl\Command.h(495,1): message : 无构造函数可以接受源类型，或构造函数重载决策不明确
C:\Users\Yyh\Desktop\Git\RemoteCtrl\RemoteCtrl\EdoyunThread.h(210,1): warning C4267: “=”: 从“size_t”转换到“int”，可能丢失数据
C:\Users\Yyh\Desktop\Git\RemoteCtrl\RemoteCtrl\EdoyunServer.h(161,34): error C4996: 'inet_addr': Use inet_pton() or InetPton() instead or define _WINSOCK_DEPRECATED_NO_WARNINGS to disable deprecated API warnings
C:\Users\Yyh\Desktop\Git\RemoteCtrl\RemoteCtrl\ESocket.h(18,10): error C4996: 'inet_ntoa': Use inet_ntop() or InetNtop() instead or define _WINSOCK_DEPRECATED_NO_WARNINGS to disable deprecated API warnings
C:\Users\Yyh\Desktop\Git\RemoteCtrl\RemoteCtrl\ESocket.h(25,10): error C4996: 'inet_ntoa': Use inet_ntop() or InetNtop() instead or define _WINSOCK_DEPRECATED_NO_WARNINGS to disable deprecated API warnings
C:\Users\Yyh\Desktop\Git\RemoteCtrl\RemoteCtrl\ESocket.h(33,28): error C4996: 'inet_addr': Use inet_pton() or InetPton() instead or define _WINSOCK_DEPRECATED_NO_WARNINGS to disable deprecated API warnings
C:\Users\Yyh\Desktop\Git\RemoteCtrl\RemoteCtrl\ESocket.h(37,10): error C4996: 'inet_ntoa': Use inet_ntop() or InetNtop() instead or define _WINSOCK_DEPRECATED_NO_WARNINGS to disable deprecated API warnings
C:\Users\Yyh\Desktop\Git\RemoteCtrl\RemoteCtrl\ESocket.h(44,11): error C4996: 'inet_ntoa': Use inet_ntop() or InetNtop() instead or define _WINSOCK_DEPRECATED_NO_WARNINGS to disable deprecated API warnings
C:\Users\Yyh\Desktop\Git\RemoteCtrl\RemoteCtrl\ESocket.h(55,10): error C4996: 'inet_ntoa': Use inet_ntop() or InetNtop() instead or define _WINSOCK_DEPRECATED_NO_WARNINGS to disable deprecated API warnings
C:\Users\Yyh\Desktop\Git\RemoteCtrl\RemoteCtrl\ESocket.h(141,1): warning C4267: “参数”: 从“size_t”转换到“int”，可能丢失数据
C:\Users\Yyh\Desktop\Git\RemoteCtrl\RemoteCtrl\ESocket.h(144,1): warning C4267: “参数”: 从“size_t”转换到“int”，可能丢失数据
C:\Users\Yyh\Desktop\Git\RemoteCtrl\RemoteCtrl\ESocket.h(147,1): warning C4267: “参数”: 从“size_t”转换到“int”，可能丢失数据
C:\Users\Yyh\Desktop\Git\RemoteCtrl\RemoteCtrl\ESocket.h(151,1): warning C4267: “参数”: 从“size_t”转换到“int”，可能丢失数据
C:\Users\Yyh\Desktop\Git\RemoteCtrl\RemoteCtrl\RemoteCtrl.cpp(227,2): error C2065: “CEServer”: 未声明的标识符
C:\Users\Yyh\Desktop\Git\RemoteCtrl\RemoteCtrl\RemoteCtrl.cpp(227,22): error C2065: “CEServer”: 未声明的标识符
C:\Users\Yyh\Desktop\Git\RemoteCtrl\RemoteCtrl\RemoteCtrl.cpp(227,31): error C2059: 语法错误:“)”
C:\Users\Yyh\Desktop\Git\RemoteCtrl\RemoteCtrl\RemoteCtrl.cpp(228,15): error C2819: “CServerSocket”类型没有重载成员“operator ->”
C:\Users\Yyh\Desktop\Git\RemoteCtrl\RemoteCtrl\ServerSocket.h(11): message : 参见“CServerSocket”的声明
C:\Users\Yyh\Desktop\Git\RemoteCtrl\RemoteCtrl\RemoteCtrl.cpp(228,15): message : 是否改用“.”?
C:\Users\Yyh\Desktop\Git\RemoteCtrl\RemoteCtrl\RemoteCtrl.cpp(228,17): error C2039: "SendTo": 不是 "CServerSocket" 的成员
C:\Users\Yyh\Desktop\Git\RemoteCtrl\RemoteCtrl\ServerSocket.h(11): message : 参见“CServerSocket”的声明
C:\Users\Yyh\Desktop\Git\RemoteCtrl\RemoteCtrl\RemoteCtrl.cpp(232,2): error C2065: “CEServer”: 未声明的标识符
C:\Users\Yyh\Desktop\Git\RemoteCtrl\RemoteCtrl\RemoteCtrl.cpp(232,22): error C2065: “CEServer”: 未声明的标识符
C:\Users\Yyh\Desktop\Git\RemoteCtrl\RemoteCtrl\RemoteCtrl.cpp(232,31): error C2059: 语法错误:“)”
C:\Users\Yyh\Desktop\Git\RemoteCtrl\RemoteCtrl\RemoteCtrl.cpp(233,31): error C4839: 将类 "CServerSocket" 作为可变参数函数的参数的非标准用法
C:\Users\Yyh\Desktop\Git\RemoteCtrl\RemoteCtrl\RemoteCtrl.cpp(233,31): message : 不会调用构造函数和析构函数；该类的位副本将作为参数进行传递
C:\Users\Yyh\Desktop\Git\RemoteCtrl\RemoteCtrl\ServerSocket.h(11,7): message : 参见“CServerSocket”的声明
C:\Users\Yyh\Desktop\Git\RemoteCtrl\RemoteCtrl\RemoteCtrl.cpp(233,31): error C2248: “CServerSocket::CServerSocket”: 无法访问 private 成员(在“CServerSocket”类中声明)
C:\Users\Yyh\Desktop\Git\RemoteCtrl\RemoteCtrl\ServerSocket.h(209): message : 参见“CServerSocket::CServerSocket”的声明
C:\Users\Yyh\Desktop\Git\RemoteCtrl\RemoteCtrl\ServerSocket.h(11): message : 参见“CServerSocket”的声明
C:\Users\Yyh\Desktop\Git\RemoteCtrl\RemoteCtrl\RemoteCtrl.cpp(233,9): warning C4477: “printf”: 格式字符串“%p”需要类型“void *”的参数，但可变参数 1 拥有了类型“CServerSocket”
C:\Users\Yyh\Desktop\Git\RemoteCtrl\RemoteCtrl\RemoteCtrl.cpp(240,2): error C2065: “CEServerParameter”: 未声明的标识符
C:\Users\Yyh\Desktop\Git\RemoteCtrl\RemoteCtrl\RemoteCtrl.cpp(240,20): error C2146: 语法错误: 缺少“;”(在标识符“param”的前面)
C:\Users\Yyh\Desktop\Git\RemoteCtrl\RemoteCtrl\RemoteCtrl.cpp(240,20): error C3861: “param”: 找不到标识符
C:\Users\Yyh\Desktop\Git\RemoteCtrl\RemoteCtrl\RemoteCtrl.cpp(241,2): error C2065: “CEServer”: 未声明的标识符
C:\Users\Yyh\Desktop\Git\RemoteCtrl\RemoteCtrl\RemoteCtrl.cpp(241,11): error C2146: 语法错误: 缺少“;”(在标识符“server”的前面)
C:\Users\Yyh\Desktop\Git\RemoteCtrl\RemoteCtrl\RemoteCtrl.cpp(241,18): error C2065: “param”: 未声明的标识符
C:\Users\Yyh\Desktop\Git\RemoteCtrl\RemoteCtrl\RemoteCtrl.cpp(242,9): error C2039: "Invoke": 不是 "CServerSocket" 的成员
C:\Users\Yyh\Desktop\Git\RemoteCtrl\RemoteCtrl\ServerSocket.h(11): message : 参见“CServerSocket”的声明
C:\Users\Yyh\Desktop\Git\RemoteCtrl\RemoteCtrl\RemoteCtrl.cpp(288,6): error C2100: 非法的间接寻址
C:\Users\Yyh\Desktop\Git\RemoteCtrl\RemoteCtrl\RemoteCtrl.cpp(297,15): error C2371: “server”: 重定义；不同的基类型
C:\Users\Yyh\Desktop\Git\RemoteCtrl\RemoteCtrl\RemoteCtrl.cpp(250): message : 参见“server”的声明
C:\Users\Yyh\Desktop\Git\RemoteCtrl\RemoteCtrl\RemoteCtrl.cpp(297,43): error C2371: “client”: 重定义；不同的基类型
C:\Users\Yyh\Desktop\Git\RemoteCtrl\RemoteCtrl\RemoteCtrl.cpp(250): message : 参见“client”的声明
C:\Users\Yyh\Desktop\Git\RemoteCtrl\RemoteCtrl\RemoteCtrl.cpp(298,26): error C2086: “std::list<CESockaddrIn,std::allocator<CESockaddrIn>> lstclients”: 重定义
C:\Users\Yyh\Desktop\Git\RemoteCtrl\RemoteCtrl\RemoteCtrl.cpp(238): message : 参见“lstclients”的声明
C:\Users\Yyh\Desktop\Git\RemoteCtrl\RemoteCtrl\RemoteCtrl.cpp(309,11): error C2040: “buf”:“CEBuffer”与“char [4096]”的间接寻址级别不同
C:\Users\Yyh\Desktop\Git\RemoteCtrl\RemoteCtrl\RemoteCtrl.cpp(310,6): error C2374: “len”: 重定义；多次初始化
C:\Users\Yyh\Desktop\Git\RemoteCtrl\RemoteCtrl\RemoteCtrl.cpp(251): message : 参见“len”的声明
C:\Users\Yyh\Desktop\Git\RemoteCtrl\RemoteCtrl\RemoteCtrl.cpp(311,6): error C2374: “ret”: 重定义；多次初始化
C:\Users\Yyh\Desktop\Git\RemoteCtrl\RemoteCtrl\RemoteCtrl.cpp(263): message : 参见“ret”的声明
C:\Users\Yyh\Desktop\Git\RemoteCtrl\RemoteCtrl\RemoteCtrl.cpp(329,84): error C2039: "GetIP": 不是 "sockaddr_in" 的成员
D:\Windows Kits\10\Include\10.0.19041.0\shared\ws2def.h(638): message : 参见“sockaddr_in”的声明
C:\Users\Yyh\Desktop\Git\RemoteCtrl\RemoteCtrl\RemoteCtrl.cpp(329,108): error C2039: "GetPort": 不是 "sockaddr_in" 的成员
D:\Windows Kits\10\Include\10.0.19041.0\shared\ws2def.h(638): message : 参见“sockaddr_in”的声明
C:\Users\Yyh\Desktop\Git\RemoteCtrl\RemoteCtrl\RemoteCtrl.cpp(329,12): warning C4473: “printf”: 没有为格式字符串传递足够的参数
C:\Users\Yyh\Desktop\Git\RemoteCtrl\RemoteCtrl\RemoteCtrl.cpp(329,12): message : 占位符和其参数预计 5 可变参数，但提供的却是 3 参数
C:\Users\Yyh\Desktop\Git\RemoteCtrl\RemoteCtrl\RemoteCtrl.cpp(329,12): message : 缺失的可变参数 4 为格式字符串“%s”所需
C:\Users\Yyh\Desktop\Git\RemoteCtrl\RemoteCtrl\RemoteCtrl.cpp(256,27): error C4996: 'inet_addr': Use inet_pton() or InetPton() instead or define _WINSOCK_DEPRECATED_NO_WARNINGS to disable deprecated API warnings
C:\Users\Yyh\Desktop\Git\RemoteCtrl\RemoteCtrl\RemoteCtrl.cpp(371,88): warning C4267: “参数”: 从“size_t”转换到“int”，可能丢失数据
C:\Users\Yyh\Desktop\Git\RemoteCtrl\RemoteCtrl\RemoteCtrl.cpp(374,44): warning C4267: “参数”: 从“size_t”转换到“int”，可能丢失数据
C:\Users\Yyh\Desktop\Git\RemoteCtrl\RemoteCtrl\RemoteCtrl.cpp(376,84): warning C4267: “参数”: 从“size_t”转换到“int”，可能丢失数据
C:\Users\Yyh\Desktop\Git\RemoteCtrl\RemoteCtrl\RemoteCtrl.cpp(379,84): warning C4267: “参数”: 从“size_t”转换到“int”，可能丢失数据
C:\Users\Yyh\Desktop\Git\RemoteCtrl\RemoteCtrl\RemoteCtrl.cpp(384,88): warning C4267: “参数”: 从“size_t”转换到“int”，可能丢失数据
C:\Users\Yyh\Desktop\Git\RemoteCtrl\RemoteCtrl\RemoteCtrl.cpp(389,84): warning C4267: “参数”: 从“size_t”转换到“int”，可能丢失数据
C:\Users\Yyh\Desktop\Git\RemoteCtrl\RemoteCtrl\RemoteCtrl.cpp(396,96): warning C4267: “参数”: 从“size_t”转换到“int”，可能丢失数据
C:\Users\Yyh\Desktop\Git\RemoteCtrl\RemoteCtrl\RemoteCtrl.cpp(365,27): error C4996: 'inet_addr': Use inet_pton() or InetPton() instead or define _WINSOCK_DEPRECATED_NO_WARNINGS to disable deprecated API warnings
  ServerSocket.cpp
C:\Users\Yyh\Desktop\Git\RemoteCtrl\RemoteCtrl\Packet.h(33,1): error C2059: 语法错误:“<<”
C:\Users\Yyh\Desktop\Git\RemoteCtrl\RemoteCtrl\Packet.h(41,2): error C2334: “{”的前面有意外标记；跳过明显的函数体
C:\Users\Yyh\Desktop\Git\RemoteCtrl\RemoteCtrl\Packet.h(62,1): error C2059: 语法错误:“<<”
C:\Users\Yyh\Desktop\Git\RemoteCtrl\RemoteCtrl\Packet.h(71,2): error C2334: “{”的前面有意外标记；跳过明显的函数体
C:\Users\Yyh\Desktop\Git\RemoteCtrl\RemoteCtrl\ServerSocket.h(121,1): warning C4267: “参数”: 从“size_t”转换到“int”，可能丢失数据
C:\Users\Yyh\Desktop\Git\RemoteCtrl\RemoteCtrl\ServerSocket.h(130,1): error C2440: “<function-style-cast>”: 无法从“initializer list”转换为“CPacket”
C:\Users\Yyh\Desktop\Git\RemoteCtrl\RemoteCtrl\ServerSocket.h(130,1): message : 无构造函数可以接受源类型，或构造函数重载决策不明确
  正在生成代码...
