d:\07cpp_code\01study_project\study_project\remotectrl\remoteclient\debug\remoteclient.pch
d:\07cpp_code\01study_project\study_project\remotectrl\remoteclient\debug\vc142.pdb
d:\07cpp_code\01study_project\study_project\remotectrl\remoteclient\debug\vc142.idb
d:\07cpp_code\01study_project\study_project\remotectrl\remoteclient\debug\pch.obj
d:\07cpp_code\01study_project\study_project\remotectrl\remoteclient\debug\statusdlg.obj
d:\07cpp_code\01study_project\study_project\remotectrl\remoteclient\debug\remoteclientdlg.obj
d:\07cpp_code\01study_project\study_project\remotectrl\remoteclient\debug\remoteclient.obj
d:\07cpp_code\01study_project\study_project\remotectrl\remoteclient\debug\cwatchdialog.obj
d:\07cpp_code\01study_project\study_project\remotectrl\remoteclient\debug\clientsocket.obj
d:\07cpp_code\01study_project\study_project\remotectrl\remoteclient\debug\clientcontroller.obj
d:\07cpp_code\01study_project\study_project\remotectrl\debug\remoteclient.exe
d:\07cpp_code\01study_project\study_project\remotectrl\remoteclient\debug\remoteclient.ilk
d:\07cpp_code\01study_project\study_project\remotectrl\debug\remoteclient.pdb
d:\07cpp_code\01study_project\study_project\remotectrl\remoteclient\debug\remoteclient.res
d:\07cpp_code\01study_project\study_project\remotectrl\remoteclient\debug\remoteclient.tlog\cl.command.1.tlog
d:\07cpp_code\01study_project\study_project\remotectrl\remoteclient\debug\remoteclient.tlog\cl.read.1.tlog
d:\07cpp_code\01study_project\study_project\remotectrl\remoteclient\debug\remoteclient.tlog\cl.write.1.tlog
d:\07cpp_code\01study_project\study_project\remotectrl\remoteclient\debug\remoteclient.tlog\link.command.1.tlog
d:\07cpp_code\01study_project\study_project\remotectrl\remoteclient\debug\remoteclient.tlog\link.read.1.tlog
d:\07cpp_code\01study_project\study_project\remotectrl\remoteclient\debug\remoteclient.tlog\link.write.1.tlog
d:\07cpp_code\01study_project\study_project\remotectrl\remoteclient\debug\remoteclient.tlog\rc.command.1.tlog
d:\07cpp_code\01study_project\study_project\remotectrl\remoteclient\debug\remoteclient.tlog\rc.read.1.tlog
d:\07cpp_code\01study_project\study_project\remotectrl\remoteclient\debug\remoteclient.tlog\rc.write.1.tlog
