d:\07cpp_code\01study_project\study_project\remotectrl\remotectrl\debug\remotectrl.pch
d:\07cpp_code\01study_project\study_project\remotectrl\remotectrl\debug\vc142.pdb
d:\07cpp_code\01study_project\study_project\remotectrl\remotectrl\debug\vc142.idb
d:\07cpp_code\01study_project\study_project\remotectrl\remotectrl\debug\pch.obj
d:\07cpp_code\01study_project\study_project\remotectrl\remotectrl\debug\serversocket.obj
d:\07cpp_code\01study_project\study_project\remotectrl\remotectrl\debug\remotectrl.obj
d:\07cpp_code\01study_project\study_project\remotectrl\remotectrl\debug\lockdialog.obj
d:\07cpp_code\01study_project\study_project\remotectrl\remotectrl\debug\edoyuntool.obj
d:\07cpp_code\01study_project\study_project\remotectrl\remotectrl\debug\command.obj
d:\07cpp_code\01study_project\study_project\remotectrl\remotectrl\debug\edoyunserver.obj
d:\07cpp_code\01study_project\study_project\remotectrl\remotectrl\debug\network.obj
d:\07cpp_code\01study_project\study_project\remotectrl\remotectrl\debug\remotectrl.ilk
d:\07cpp_code\01study_project\study_project\remotectrl\debug\remotectrl.exe
d:\07cpp_code\01study_project\study_project\remotectrl\debug\remotectrl.pdb
d:\07cpp_code\01study_project\study_project\remotectrl\remotectrl\debug\remotectrl.res
d:\07cpp_code\01study_project\study_project\remotectrl\remotectrl\debug\remotectrl.tlog\cl.command.1.tlog
d:\07cpp_code\01study_project\study_project\remotectrl\remotectrl\debug\remotectrl.tlog\cl.read.1.tlog
d:\07cpp_code\01study_project\study_project\remotectrl\remotectrl\debug\remotectrl.tlog\cl.write.1.tlog
d:\07cpp_code\01study_project\study_project\remotectrl\remotectrl\debug\remotectrl.tlog\link.command.1.tlog
d:\07cpp_code\01study_project\study_project\remotectrl\remotectrl\debug\remotectrl.tlog\link.read.1.tlog
d:\07cpp_code\01study_project\study_project\remotectrl\remotectrl\debug\remotectrl.tlog\link.write.1.tlog
d:\07cpp_code\01study_project\study_project\remotectrl\remotectrl\debug\remotectrl.tlog\rc.command.1.tlog
d:\07cpp_code\01study_project\study_project\remotectrl\remotectrl\debug\remotectrl.tlog\rc.read.1.tlog
d:\07cpp_code\01study_project\study_project\remotectrl\remotectrl\debug\remotectrl.tlog\rc.write.1.tlog
